<?xml version="1.0" encoding="UTF-8"?>
<testsuite xmlns:xsi="http://www.w3.org/2001/XMLSchema-instance" xsi:noNamespaceSchemaLocation="https://maven.apache.org/surefire/maven-surefire-plugin/xsd/surefire-test-report-3.0.xsd" version="3.0" name="ru.netology.sender.MessageSenderImplTest" time="1.597" tests="4" errors="0" skipped="0" failures="0">
  <properties>
[...]
</properties>
  <testcase name="send_returnMessageInCorrectLanguage_message(Map, String, String, Location, String)[1]" classname="ru.netology.sender.MessageSenderImplTest" time="1.566">
    <system-out><![CDATA[Отправлено сообщение: Добро пожаловать
]]></system-out>
  </testcase>
  <testcase name="send_returnMessageInCorrectLanguage_message(Map, String, String, Location, String)[2]" classname="ru.netology.sender.MessageSenderImplTest" time="0.005">
    <system-out><![CDATA[Отправлено сообщение: Welcome
]]></system-out>
  </testcase>
  <testcase name="send_returnMessageInCorrectLanguage_message(Map, String, String, Location, String)[3]" classname="ru.netology.sender.MessageSenderImplTest" time="0.005">
    <system-out><![CDATA[Отправлено сообщение: Welcome
]]></system-out>
  </testcase>
  <testcase name="send_returnMessageInCorrectLanguage_message(Map, String, String, Location, String)[4]" classname="ru.netology.sender.MessageSenderImplTest" time="0.004">
    <system-out><![CDATA[
]]></system-out>
  </testcase>
</testsuite>